time="2022-02-17T09:58:38+01:00" level=info msg="Opened: roms/cpu_instrs.gb\x00\x00\x00\x00\x00\x00\x00\x00\x00\x00\x00\x00\x00\x00\x00\x00\x00\x00\x00\x00\x00\x00\x00\x00\x00\x00\x00\x00\x00\x00\x00\x00\x00\x00\x00\x00\x00\x00\x00\x00\x00\x00\x00\x00\x00\x00\x00\x00\x00\x00\x00\x00\x00\x00\x00\x00\x00\x00\x00\x00\x00\x00\x00\x00\x00\x00\x00\x00\x00\x00\x00\x00\x00\x00\x00\x00\x00\x00\x00\x00\x00\x00\x00\x00\x00\x00\x00\x00\x00\x00\x00\x00\x00\x00\x00\x00\x00\x00\x00\x00\x00\x00\x00\x00\x00\x00\x00\x00\x00\x00\x00\x00\x00\x00\x00\x00\x00\x00\x00\x00\x00\x00\x00\x00\x00\x00\x00\x00\x00\x00\x00\x00\x00\x00\x00\x00\x00\x00\x00\x00\x00\x00\x00\x00\x00\x00\x00\x00\x00\x00\x00\x00\x00\x00\x00\x00\x00\x00\x00\x00\x00\x00\x00\x00\x00\x00\x00\x00\x00\x00\x00\x00\x00\x00\x00\x00\x00\x00\x00\x00\x00\x00\x00\x00\x00\x00\x00\x00\x00\x00\x00\x00\x00\x00\x00\x00\x00\x00\x00\x00\x00\x00\x00\x00\x00\x00\x00\x00\x00\x00\x00\x00\x00\x00\x00\x00\x00\x00\x00\x00\x00\x00\x00\x00\x00\x00\x00\x00\x00\x00\x00\x00\x00\x00\x00\x00\x00\x00\x00\x00\x00\x00\x00\x00\x00\x00\x00\x00\x00\x00\x00\x00\x00\x00\x00\x00\x00\x00\x00\x00\x00\x00\x00\x00\x00\x00\x00\x00\x00\x00\x00\x00\x00\x00\x00\x00\x00\x00\x00\x00\x00\x00\x00\x00\x00\x00\x00\x00\x00\x00\x00\x00\x00\x00\x00\x00\x00\x00\x00\x00\x00\x00\x00\x00\x00\x00\x00\x00\x00\x00\x00\x00\x00\x00\x00\x00\x00\x00\x00\x00\x00\x00\x00\x00\x00\x00\x00\x00\x00\x00\x00\x00\x00\x00\x00\x00\x00\x00\x00\x00\x00\x00\x00\x00\x00\x00\x00\x00\x00\x00\x00\x00\x00\x00\x00\x00\x00\x00\x00\x00\x00\x00\x00\x00\x00\x00\x00\x00\x00\x00\x00\x00\x00\x00\x00\x00\x00\x00\x00\x00\x00\x00\x00\x00\x00\x00\x00\x00\x00\x00\x00\x00\x00\x00\x00\x00\x00\x00\x00\x00\x00\x00\x00\x00\x00\x00\x00\x00\x00\x00\x00\x00\x00\x00\x00\x00\x00\x00\x00\x00\x00\x00\x00\x00\x00\x00\x00\x00\x00\x00\x00\x00\x00\x00\x00\x00\x00\x00\x00\x00\x00\x00\x00\x00\x00\x00\x00\x00\x00\x00\x00\x00\x00\x00\x00\x00\x00\x00\x00\x00\x00\x00\x00\x00\x00\x00\x00\x00\x00\x00\x00\x00\x00\x00\x00\x00\x00\x00\x00\x00\x00\x00\x00\x00\x00\x00\x00\x00\x00\x00\x00\x00\x00\x00\x00\x00\x00\x00\x00\x00\x00\x00\x00\x00\x00\x00\x00\x00\x00\x00\x00\x00\x00\x00\x00\x00\x00\x00\x00\x00\x00\x00\x00\x00\x00\x00\x00\x00\x00\x00\x00\x00\x00\x00\x00\x00\x00\x00\x00\x00\x00\x00\x00\x00\x00\x00\x00\x00\x00\x00\x00\x00\x00\x00\x00\x00\x00\x00\x00\x00\x00\x00\x00\x00\x00\x00\x00\x00\x00\x00\x00\x00\x00\x00\x00\x00\x00\x00\x00\x00\x00\x00\x00\x00\x00\x00\x00\x00\x00\x00\x00\x00\x00\x00\x00\x00\x00\x00\x00\x00\x00\x00\x00\x00\x00\x00\x00\x00\x00\x00\x00\x00\x00\x00\x00\x00\x00\x00\x00\x00\x00\x00\x00\x00\x00\x00\x00\x00\x00\x00\x00\x00\x00\x00\x00\x00\x00\x00\x00\x00\x00\x00\x00\x00\x00\x00\x00\x00\x00\x00\x00\x00\x00\x00\x00\x00\x00\x00\x00\x00\x00\x00\x00\x00\x00\x00\x00\x00\x00\x00\x00\x00\x00\x00\x00\x00\x00\x00\x00\x00\x00\x00\x00\x00\x00\x00\x00\x00\x00\x00\x00\x00\x00\x00\x00\x00\x00\x00\x00\x00\x00\x00\x00\x00\x00\x00\x00\x00\x00\x00\x00\x00\x00\x00\x00\x00\x00\x00\x00\x00\x00\x00\x00\x00\x00\x00\x00\x00\x00\x00\x00\x00\x00\x00\x00\x00\x00\x00\x00\x00\x00\x00\x00\x00\x00\x00\x00\x00\x00\x00\x00\x00\x00\x00\x00\x00\x00\x00\x00\x00\x00\x00\x00\x00\x00\x00\x00\x00\x00\x00\x00\x00\x00\x00\x00\x00\x00\x00\x00\x00\x00\x00\x00\x00\x00\x00\x00\x00\x00\x00\x00\x00\x00\x00\x00\x00\x00\x00\x00\x00\x00\x00\x00\x00\x00\x00\x00\x00\x00\x00\x00\x00\x00\x00\x00\x00\x00\x00\x00\x00\x00\x00\x00\x00\x00\x00\x00\x00\x00\x00\x00\x00\x00\x00\x00\x00\x00\x00\x00\x00\x00\x00\x00\x00\x00\x00\x00\x00\x00\x00\x00\x00\x00\x00\x00\x00\x00\x00\x00\x00\x00\x00\x00\x00\x00\x00\x00\x00\x00\x00\x00\x00\x00\x00\x00\x00\x00\x00\x00\x00\x00\x00\x00\x00\x00\x00\x00\x00\x00\x00\x00\x00\x00\x00\x00\x00\x00\x00\x00\x00\x00\x00\x00\x00\x00\x00\x00\x00\x00\x00\x00\x00\x00\x00\x00\x00\x00\x00\x00\x00\x00\x00\x00\x00\x00\x00\x00\x00\x00\x00\x00\x00\x00\x00\x00\x00\x00\x00\x00\x00\x00\x00\x00\x00\x00\x00\x00\x00\x00\x00\x00\x00\x00\x00\x00\x00\x00\x00\x00\x00\x00\x00\x00\x00\x00\x00\x00\x00\x00\x00\x00\x00\x00\x00\x00\x00\x00\x00\x00\x00\x00\x00\x00\x00\x00\x00\x00\x00\x00\x00\x00\x00\x00\x00\x00\x00\x00\x00\x00\x00\x00\x00\x00\x00\x00\x00\n" func=pajalic.go.emulator/packages/logger.Info file="/home/waffe/git/goemulator/packages/logger/logger.go:32"
time="2022-02-17T09:58:38+01:00" level=info msg="Cartridge Loaded:" func=pajalic.go.emulator/packages/logger.Info file="/home/waffe/git/goemulator/packages/logger/logger.go:32"
time="2022-02-17T09:58:38+01:00" level=info msg="Title    : CPU_INSTRS\x00\x00\x00\x00\x00\x00" func=pajalic.go.emulator/packages/logger.Info file="/home/waffe/git/goemulator/packages/logger/logger.go:32"
time="2022-02-17T09:58:38+01:00" level=info msg="Type     : 01 (MBC1)" func=pajalic.go.emulator/packages/logger.Info file="/home/waffe/git/goemulator/packages/logger/logger.go:32"
time="2022-02-17T09:58:38+01:00" level=info msg="ROM Size : 64 KB" func=pajalic.go.emulator/packages/logger.Info file="/home/waffe/git/goemulator/packages/logger/logger.go:32"
time="2022-02-17T09:58:38+01:00" level=info msg="RAM Size : 00" func=pajalic.go.emulator/packages/logger.Info file="/home/waffe/git/goemulator/packages/logger/logger.go:32"
time="2022-02-17T09:58:38+01:00" level=info msg="LIC Code : 00 (None)" func=pajalic.go.emulator/packages/logger.Info file="/home/waffe/git/goemulator/packages/logger/logger.go:32"
time="2022-02-17T09:58:38+01:00" level=info msg="ROM Vers : 00" func=pajalic.go.emulator/packages/logger.Info file="/home/waffe/git/goemulator/packages/logger/logger.go:32"
time="2022-02-17T09:58:38+01:00" level=info msg="Checksum : 3B (PASSED)" func=pajalic.go.emulator/packages/logger.Info file="/home/waffe/git/goemulator/packages/logger/logger.go:32"
time="2022-02-17T09:58:38+01:00" level=info msg="Cart loaded.." func=pajalic.go.emulator/packages/logger.Info file="/home/waffe/git/goemulator/packages/logger/logger.go:32"
time="2022-02-17T09:58:42+01:00" level=info msg="SDL INIT" func=pajalic.go.emulator/packages/logger.Info file="/home/waffe/git/goemulator/packages/logger/logger.go:32"
time="2022-02-17T09:58:42+01:00" level=info msg="TTF INIT" func=pajalic.go.emulator/packages/logger.Info file="/home/waffe/git/goemulator/packages/logger/logger.go:32"
time="2022-02-17T09:58:42+01:00" level=info msg="0100: NOP     (00 C3 37) A: 01 BC: 0000 DE: 0000 HL: 0000\n" func=pajalic.go.emulator/packages/logger.Info file="/home/waffe/git/goemulator/packages/logger/logger.go:32"
time="2022-02-17T09:58:42+01:00" level=info msg="0101: JP      (C3 37 06) A: 01 BC: 0000 DE: 0000 HL: 0000\n" func=pajalic.go.emulator/packages/logger.Info file="/home/waffe/git/goemulator/packages/logger/logger.go:32"
time="2022-02-17T09:58:42+01:00" level=info msg="0637: JP      (C3 30 04) A: 01 BC: 0000 DE: 0000 HL: 0000\n" func=pajalic.go.emulator/packages/logger.Info file="/home/waffe/git/goemulator/packages/logger/logger.go:32"
time="2022-02-17T09:58:42+01:00" level=info msg="0430: DI      (F3 31 FF) A: 01 BC: 0000 DE: 0000 HL: 0000\n" func=pajalic.go.emulator/packages/logger.Info file="/home/waffe/git/goemulator/packages/logger/logger.go:32"
time="2022-02-17T09:58:42+01:00" level=info msg="0431: LD      (31 FF DF) A: 01 BC: 0000 DE: 0000 HL: 0000\n" func=pajalic.go.emulator/packages/logger.Info file="/home/waffe/git/goemulator/packages/logger/logger.go:32"
time="2022-02-17T09:58:42+01:00" level=info msg="0434: LD      (EA 00 D6) A: 01 BC: 0000 DE: 0000 HL: 0000\n" func=pajalic.go.emulator/packages/logger.Info file="/home/waffe/git/goemulator/packages/logger/logger.go:32"
time="2022-02-17T09:58:42+01:00" level=info msg="0437: LD      (3E 00 E0) A: 01 BC: 0000 DE: 0000 HL: 0000\n" func=pajalic.go.emulator/packages/logger.Info file="/home/waffe/git/goemulator/packages/logger/logger.go:32"
time="2022-02-17T09:58:42+01:00" level=info msg="0439: LDH     (E0 07 3E) A: 00 BC: 0000 DE: 0000 HL: 0000\n" func=pajalic.go.emulator/packages/logger.Info file="/home/waffe/git/goemulator/packages/logger/logger.go:32"
time="2022-02-17T09:58:42+01:00" level=warning msg="UNSUPPORTED BusWrite(FF07)\n" func=pajalic.go.emulator/packages/logger.Warn file="/home/waffe/git/goemulator/packages/logger/logger.go:37"
time="2022-02-17T09:58:42+01:00" level=info msg="043B: LD      (3E 00 E0) A: 00 BC: 0000 DE: 0000 HL: 0000\n" func=pajalic.go.emulator/packages/logger.Info file="/home/waffe/git/goemulator/packages/logger/logger.go:32"
time="2022-02-17T09:58:42+01:00" level=info msg="043D: LDH     (E0 0F 3E) A: 00 BC: 0000 DE: 0000 HL: 0000\n" func=pajalic.go.emulator/packages/logger.Info file="/home/waffe/git/goemulator/packages/logger/logger.go:32"
time="2022-02-17T09:58:42+01:00" level=warning msg="UNSUPPORTED BusWrite(FF0F)\n" func=pajalic.go.emulator/packages/logger.Warn file="/home/waffe/git/goemulator/packages/logger/logger.go:37"
time="2022-02-17T09:58:42+01:00" level=info msg="043F: LD      (3E 00 E0) A: 00 BC: 0000 DE: 0000 HL: 0000\n" func=pajalic.go.emulator/packages/logger.Info file="/home/waffe/git/goemulator/packages/logger/logger.go:32"
time="2022-02-17T09:58:42+01:00" level=info msg="0441: LDH     (E0 FF 3E) A: 00 BC: 0000 DE: 0000 HL: 0000\n" func=pajalic.go.emulator/packages/logger.Info file="/home/waffe/git/goemulator/packages/logger/logger.go:32"
time="2022-02-17T09:58:42+01:00" level=info msg="0443: LD      (3E 00 E0) A: 00 BC: 0000 DE: 0000 HL: 0000\n" func=pajalic.go.emulator/packages/logger.Info file="/home/waffe/git/goemulator/packages/logger/logger.go:32"
time="2022-02-17T09:58:42+01:00" level=info msg="0445: LDH     (E0 26 3E) A: 00 BC: 0000 DE: 0000 HL: 0000\n" func=pajalic.go.emulator/packages/logger.Info file="/home/waffe/git/goemulator/packages/logger/logger.go:32"
time="2022-02-17T09:58:42+01:00" level=warning msg="UNSUPPORTED BusWrite(FF26)\n" func=pajalic.go.emulator/packages/logger.Warn file="/home/waffe/git/goemulator/packages/logger/logger.go:37"
time="2022-02-17T09:58:42+01:00" level=info msg="0447: LD      (3E 80 E0) A: 00 BC: 0000 DE: 0000 HL: 0000\n" func=pajalic.go.emulator/packages/logger.Info file="/home/waffe/git/goemulator/packages/logger/logger.go:32"
time="2022-02-17T09:58:42+01:00" level=info msg="0449: LDH     (E0 26 3E) A: 80 BC: 0000 DE: 0000 HL: 0000\n" func=pajalic.go.emulator/packages/logger.Info file="/home/waffe/git/goemulator/packages/logger/logger.go:32"
time="2022-02-17T09:58:42+01:00" level=warning msg="UNSUPPORTED BusWrite(FF26)\n" func=pajalic.go.emulator/packages/logger.Warn file="/home/waffe/git/goemulator/packages/logger/logger.go:37"
time="2022-02-17T09:58:42+01:00" level=info msg="044B: LD      (3E FF E0) A: 80 BC: 0000 DE: 0000 HL: 0000\n" func=pajalic.go.emulator/packages/logger.Info file="/home/waffe/git/goemulator/packages/logger/logger.go:32"
time="2022-02-17T09:58:42+01:00" level=info msg="044D: LDH     (E0 25 3E) A: FF BC: 0000 DE: 0000 HL: 0000\n" func=pajalic.go.emulator/packages/logger.Info file="/home/waffe/git/goemulator/packages/logger/logger.go:32"
time="2022-02-17T09:58:42+01:00" level=warning msg="UNSUPPORTED BusWrite(FF25)\n" func=pajalic.go.emulator/packages/logger.Warn file="/home/waffe/git/goemulator/packages/logger/logger.go:37"
time="2022-02-17T09:58:42+01:00" level=info msg="044F: LD      (3E 77 E0) A: FF BC: 0000 DE: 0000 HL: 0000\n" func=pajalic.go.emulator/packages/logger.Info file="/home/waffe/git/goemulator/packages/logger/logger.go:32"
time="2022-02-17T09:58:42+01:00" level=info msg="0451: LDH     (E0 24 21) A: 77 BC: 0000 DE: 0000 HL: 0000\n" func=pajalic.go.emulator/packages/logger.Info file="/home/waffe/git/goemulator/packages/logger/logger.go:32"
time="2022-02-17T09:58:42+01:00" level=warning msg="UNSUPPORTED BusWrite(FF24)\n" func=pajalic.go.emulator/packages/logger.Warn file="/home/waffe/git/goemulator/packages/logger/logger.go:37"
time="2022-02-17T09:58:42+01:00" level=info msg="0453: LD      (21 8F 0B) A: 77 BC: 0000 DE: 0000 HL: 0000\n" func=pajalic.go.emulator/packages/logger.Info file="/home/waffe/git/goemulator/packages/logger/logger.go:32"
time="2022-02-17T09:58:42+01:00" level=info msg="0456: CALL    (CD A3 02) A: 77 BC: 0000 DE: 0000 HL: 0B00\n" func=pajalic.go.emulator/packages/logger.Info file="/home/waffe/git/goemulator/packages/logger/logger.go:32"
time="2022-02-17T09:58:42+01:00" level=info msg="02A3: LD      (7D EA 02) A: 77 BC: 0000 DE: 0000 HL: 0B00\n" func=pajalic.go.emulator/packages/logger.Info file="/home/waffe/git/goemulator/packages/logger/logger.go:32"
time="2022-02-17T09:58:42+01:00" level=info msg="02A4: LD      (EA 02 D6) A: 00 BC: 0000 DE: 0000 HL: 0B00\n" func=pajalic.go.emulator/packages/logger.Info file="/home/waffe/git/goemulator/packages/logger/logger.go:32"
time="2022-02-17T09:58:42+01:00" level=info msg="02A7: LD      (7C EA 03) A: 00 BC: 0000 DE: 0000 HL: 0B00\n" func=pajalic.go.emulator/packages/logger.Info file="/home/waffe/git/goemulator/packages/logger/logger.go:32"
time="2022-02-17T09:58:42+01:00" level=info msg="02A8: LD      (EA 03 D6) A: 0B BC: 0000 DE: 0000 HL: 0B00\n" func=pajalic.go.emulator/packages/logger.Info file="/home/waffe/git/goemulator/packages/logger/logger.go:32"
time="2022-02-17T09:58:42+01:00" level=info msg="02AB: JR      (18 04 3E) A: 0B BC: 0000 DE: 0000 HL: 0B00\n" func=pajalic.go.emulator/packages/logger.Info file="/home/waffe/git/goemulator/packages/logger/logger.go:32"
time="2022-02-17T09:58:42+01:00" level=info msg="02B1: LD      (3E C3 EA) A: 0B BC: 0000 DE: 0000 HL: 0B00\n" func=pajalic.go.emulator/packages/logger.Info file="/home/waffe/git/goemulator/packages/logger/logger.go:32"
time="2022-02-17T09:58:42+01:00" level=info msg="02B3: LD      (EA 01 D6) A: C3 BC: 0000 DE: 0000 HL: 0B00\n" func=pajalic.go.emulator/packages/logger.Info file="/home/waffe/git/goemulator/packages/logger/logger.go:32"
time="2022-02-17T09:58:42+01:00" level=info msg="02B6: RET     (C9 F5 FE) A: C3 BC: 0000 DE: 0000 HL: 0B00\n" func=pajalic.go.emulator/packages/logger.Info file="/home/waffe/git/goemulator/packages/logger/logger.go:32"
time="2022-02-17T09:58:42+01:00" level=info msg="0004: NOP     (00 00 00) A: C3 BC: 0000 DE: 0000 HL: 0B00\n" func=pajalic.go.emulator/packages/logger.Info file="/home/waffe/git/goemulator/packages/logger/logger.go:32"
time="2022-02-17T09:58:42+01:00" level=info msg="0005: NOP     (00 00 00) A: C3 BC: 0000 DE: 0000 HL: 0B00\n" func=pajalic.go.emulator/packages/logger.Info file="/home/waffe/git/goemulator/packages/logger/logger.go:32"
time="2022-02-17T09:58:42+01:00" level=info msg="0006: NOP     (00 00 3C) A: C3 BC: 0000 DE: 0000 HL: 0B00\n" func=pajalic.go.emulator/packages/logger.Info file="/home/waffe/git/goemulator/packages/logger/logger.go:32"
time="2022-02-17T09:58:42+01:00" level=info msg="0007: NOP     (00 3C C9) A: C3 BC: 0000 DE: 0000 HL: 0B00\n" func=pajalic.go.emulator/packages/logger.Info file="/home/waffe/git/goemulator/packages/logger/logger.go:32"
time="2022-02-17T09:58:42+01:00" level=info msg="0008: <NONE>  (3C C9 00) A: C3 BC: 0000 DE: 0000 HL: 0B00\n" func=pajalic.go.emulator/packages/logger.Info file="/home/waffe/git/goemulator/packages/logger/logger.go:32"
